2022-02-13 15:41:40,839 INFO com.example.demo.DemoApplication [main] Starting DemoApplication using Java 17.0.1 on DESKTOP-MONTRL2 with PID 11180 (C:\demo\target\classes started by rajav in C:\demo)
2022-02-13 15:41:40,843 INFO com.example.demo.DemoApplication [main] No active profile set, falling back to default profiles: default
2022-02-13 15:41:43,205 INFO org.apache.coyote.http11.Http11NioProtocol [main] Initializing ProtocolHandler ["http-nio-8080"]
2022-02-13 15:41:43,206 INFO org.apache.catalina.core.StandardService [main] Starting service [Tomcat]
2022-02-13 15:41:43,206 INFO org.apache.catalina.core.StandardEngine [main] Starting Servlet engine: [Apache Tomcat/9.0.56]
2022-02-13 15:41:43,376 INFO org.apache.catalina.core.ContainerBase.[Tomcat].[localhost].[/] [main] Initializing Spring embedded WebApplicationContext
2022-02-13 15:41:43,655 INFO com.zaxxer.hikari.HikariDataSource [main] HikariPool-1 - Starting...
2022-02-13 15:41:43,931 INFO com.zaxxer.hikari.HikariDataSource [main] HikariPool-1 - Start completed.
2022-02-13 15:41:44,005 INFO org.hibernate.jpa.internal.util.LogHelper [main] HHH000204: Processing PersistenceUnitInfo [name: default]
2022-02-13 15:41:44,097 INFO org.hibernate.Version [main] HHH000412: Hibernate ORM core version 5.6.4.Final
2022-02-13 15:41:44,368 INFO org.hibernate.annotations.common.Version [main] HCANN000001: Hibernate Commons Annotations {5.1.2.Final}
2022-02-13 15:41:44,550 INFO org.hibernate.dialect.Dialect [main] HHH000400: Using dialect: org.hibernate.dialect.MySQL5InnoDBDialect
2022-02-13 15:41:45,422 INFO org.hibernate.engine.transaction.jta.platform.internal.JtaPlatformInitiator [main] HHH000490: Using JtaPlatform implementation: [org.hibernate.engine.transaction.jta.platform.internal.NoJtaPlatform]
2022-02-13 15:41:46,688 INFO org.apache.coyote.http11.Http11NioProtocol [main] Starting ProtocolHandler ["http-nio-8080"]
2022-02-13 15:41:46,792 INFO com.example.demo.DemoApplication [main] Started DemoApplication in 6.79 seconds (JVM running for 7.52)
2022-02-13 15:42:28,350 INFO org.apache.catalina.core.ContainerBase.[Tomcat].[localhost].[/] [http-nio-8080-exec-2] Initializing Spring DispatcherServlet 'dispatcherServlet'
2022-02-13 15:42:28,569 INFO com.example.demo.controller.DogsController [http-nio-8080-exec-2] Create dog..........
2022-02-13 16:15:19,780 INFO com.example.demo.DemoApplication [main] Starting DemoApplication using Java 17.0.1 on DESKTOP-MONTRL2 with PID 4716 (C:\demo\target\classes started by rajav in C:\demo)
2022-02-13 16:15:19,791 INFO com.example.demo.DemoApplication [main] No active profile set, falling back to default profiles: default
2022-02-13 16:15:24,927 INFO org.apache.coyote.http11.Http11NioProtocol [main] Initializing ProtocolHandler ["http-nio-8080"]
2022-02-13 16:15:24,928 INFO org.apache.catalina.core.StandardService [main] Starting service [Tomcat]
2022-02-13 16:15:24,931 INFO org.apache.catalina.core.StandardEngine [main] Starting Servlet engine: [Apache Tomcat/9.0.56]
2022-02-13 16:15:25,240 INFO org.apache.catalina.core.ContainerBase.[Tomcat].[localhost].[/] [main] Initializing Spring embedded WebApplicationContext
2022-02-13 16:15:25,744 INFO com.zaxxer.hikari.HikariDataSource [main] HikariPool-1 - Starting...
2022-02-13 16:15:26,281 INFO com.zaxxer.hikari.HikariDataSource [main] HikariPool-1 - Start completed.
2022-02-13 16:15:26,502 INFO org.hibernate.jpa.internal.util.LogHelper [main] HHH000204: Processing PersistenceUnitInfo [name: default]
2022-02-13 16:15:26,699 INFO org.hibernate.Version [main] HHH000412: Hibernate ORM core version 5.6.4.Final
2022-02-13 16:15:27,411 INFO org.hibernate.annotations.common.Version [main] HCANN000001: Hibernate Commons Annotations {5.1.2.Final}
2022-02-13 16:15:28,014 INFO org.hibernate.dialect.Dialect [main] HHH000400: Using dialect: org.hibernate.dialect.MySQL5InnoDBDialect
2022-02-13 16:15:29,811 INFO org.hibernate.engine.transaction.jta.platform.internal.JtaPlatformInitiator [main] HHH000490: Using JtaPlatform implementation: [org.hibernate.engine.transaction.jta.platform.internal.NoJtaPlatform]
2022-02-13 16:15:32,151 INFO org.apache.coyote.http11.Http11NioProtocol [main] Starting ProtocolHandler ["http-nio-8080"]
2022-02-13 16:15:32,292 INFO com.example.demo.DemoApplication [main] Started DemoApplication in 13.982 seconds (JVM running for 15.715)
2022-02-13 16:16:09,862 INFO com.example.demo.DemoApplication [main] Starting DemoApplication using Java 17.0.1 on DESKTOP-MONTRL2 with PID 25956 (C:\demo\target\classes started by rajav in C:\demo)
2022-02-13 16:16:09,872 INFO com.example.demo.DemoApplication [main] No active profile set, falling back to default profiles: default
2022-02-13 16:16:14,835 INFO org.apache.coyote.http11.Http11NioProtocol [main] Initializing ProtocolHandler ["http-nio-8080"]
2022-02-13 16:16:14,836 INFO org.apache.catalina.core.StandardService [main] Starting service [Tomcat]
2022-02-13 16:16:14,837 INFO org.apache.catalina.core.StandardEngine [main] Starting Servlet engine: [Apache Tomcat/9.0.56]
2022-02-13 16:16:15,191 INFO org.apache.catalina.core.ContainerBase.[Tomcat].[localhost].[/] [main] Initializing Spring embedded WebApplicationContext
2022-02-13 16:16:15,763 INFO com.zaxxer.hikari.HikariDataSource [main] HikariPool-1 - Starting...
2022-02-13 16:16:16,429 INFO com.zaxxer.hikari.HikariDataSource [main] HikariPool-1 - Start completed.
2022-02-13 16:16:16,627 INFO org.hibernate.jpa.internal.util.LogHelper [main] HHH000204: Processing PersistenceUnitInfo [name: default]
2022-02-13 16:16:16,945 INFO org.hibernate.Version [main] HHH000412: Hibernate ORM core version 5.6.4.Final
2022-02-13 16:16:17,671 INFO org.hibernate.annotations.common.Version [main] HCANN000001: Hibernate Commons Annotations {5.1.2.Final}
2022-02-13 16:16:18,117 INFO org.hibernate.dialect.Dialect [main] HHH000400: Using dialect: org.hibernate.dialect.MySQL5InnoDBDialect
2022-02-13 16:16:20,116 INFO org.hibernate.engine.transaction.jta.platform.internal.JtaPlatformInitiator [main] HHH000490: Using JtaPlatform implementation: [org.hibernate.engine.transaction.jta.platform.internal.NoJtaPlatform]
2022-02-13 16:16:23,031 INFO org.apache.coyote.http11.Http11NioProtocol [main] Starting ProtocolHandler ["http-nio-8080"]
2022-02-13 16:16:23,189 INFO com.example.demo.DemoApplication [main] Started DemoApplication in 14.842 seconds (JVM running for 16.39)
2022-02-13 16:16:31,742 INFO org.apache.catalina.core.ContainerBase.[Tomcat].[localhost].[/] [http-nio-8080-exec-1] Initializing Spring DispatcherServlet 'dispatcherServlet'
2022-02-13 16:16:31,902 INFO com.example.demo.controller.DogsController [http-nio-8080-exec-1] Create dog..........
2022-02-13 16:38:18,467 WARN com.zaxxer.hikari.pool.HikariPool [HikariPool-1 housekeeper] HikariPool-1 - Thread starvation or clock leap detected (housekeeper delta=10m31s726ms826µs600ns).
2022-02-13 17:08:16,990 WARN com.zaxxer.hikari.pool.HikariPool [HikariPool-1 housekeeper] HikariPool-1 - Thread starvation or clock leap detected (housekeeper delta=3m35s83ms414µs600ns).
2022-02-13 17:25:07,109 WARN com.zaxxer.hikari.pool.HikariPool [HikariPool-1 housekeeper] HikariPool-1 - Thread starvation or clock leap detected (housekeeper delta=1m19s858ms554µs900ns).
